Determining if the pthread_create exist failed with the following output:
Change Dir: /home/gartangh/Documents/Master-s-Dissertation/Torch.jl/build/build/CMakeFiles/CMakeTmp

Run Build Command:"/usr/bin/make" "cmTC_0cc11/fast"
/usr/bin/make -f CMakeFiles/cmTC_0cc11.dir/build.make CMakeFiles/cmTC_0cc11.dir/build
make[1]: Entering directory '/home/gartangh/Documents/Master-s-Dissertation/Torch.jl/build/build/CMakeFiles/CMakeTmp'
Building C object CMakeFiles/cmTC_0cc11.dir/CheckSymbolExists.c.o
/usr/bin/cc    -o CMakeFiles/cmTC_0cc11.dir/CheckSymbolExists.c.o   -c /home/gartangh/Documents/Master-s-Dissertation/Torch.jl/build/build/CMakeFiles/CMakeTmp/CheckSymbolExists.c
Linking C executable cmTC_0cc11
/usr/bin/cmake -E cmake_link_script CMakeFiles/cmTC_0cc11.dir/link.txt --verbose=1
/usr/bin/cc      -rdynamic CMakeFiles/cmTC_0cc11.dir/CheckSymbolExists.c.o  -o cmTC_0cc11 
/usr/bin/ld: CMakeFiles/cmTC_0cc11.dir/CheckSymbolExists.c.o: in function `main':
CheckSymbolExists.c:(.text+0x1b): undefined reference to `pthread_create'
collect2: error: ld returned 1 exit status
make[1]: *** [CMakeFiles/cmTC_0cc11.dir/build.make:87: cmTC_0cc11] Error 1
make[1]: Leaving directory '/home/gartangh/Documents/Master-s-Dissertation/Torch.jl/build/build/CMakeFiles/CMakeTmp'
make: *** [Makefile:121: cmTC_0cc11/fast] Error 2

File /home/gartangh/Documents/Master-s-Dissertation/Torch.jl/build/build/CMakeFiles/CMakeTmp/CheckSymbolExists.c:
/* */
#include <pthread.h>

int main(int argc, char** argv)
{
  (void)argv;
#ifndef pthread_create
  return ((int*)(&pthread_create))[argc];
#else
  (void)argc;
  return 0;
#endif
}

Determining if the function pthread_create exists in the pthreads failed with the following output:
Change Dir: /home/gartangh/Documents/Master-s-Dissertation/Torch.jl/build/build/CMakeFiles/CMakeTmp

Run Build Command:"/usr/bin/make" "cmTC_9ab81/fast"
/usr/bin/make -f CMakeFiles/cmTC_9ab81.dir/build.make CMakeFiles/cmTC_9ab81.dir/build
make[1]: Entering directory '/home/gartangh/Documents/Master-s-Dissertation/Torch.jl/build/build/CMakeFiles/CMakeTmp'
Building C object CMakeFiles/cmTC_9ab81.dir/CheckFunctionExists.c.o
/usr/bin/cc   -DCHECK_FUNCTION_EXISTS=pthread_create   -o CMakeFiles/cmTC_9ab81.dir/CheckFunctionExists.c.o   -c /usr/share/cmake-3.13/Modules/CheckFunctionExists.c
Linking C executable cmTC_9ab81
/usr/bin/cmake -E cmake_link_script CMakeFiles/cmTC_9ab81.dir/link.txt --verbose=1
/usr/bin/cc  -DCHECK_FUNCTION_EXISTS=pthread_create    -rdynamic CMakeFiles/cmTC_9ab81.dir/CheckFunctionExists.c.o  -o cmTC_9ab81 -lpthreads 
/usr/bin/ld: cannot find -lpthreads
collect2: error: ld returned 1 exit status
make[1]: *** [CMakeFiles/cmTC_9ab81.dir/build.make:87: cmTC_9ab81] Error 1
make[1]: Leaving directory '/home/gartangh/Documents/Master-s-Dissertation/Torch.jl/build/build/CMakeFiles/CMakeTmp'
make: *** [Makefile:121: cmTC_9ab81/fast] Error 2


